<?xml version="1.0" encoding="UTF-8"?>
<testng-results ignored="0" total="1" passed="1" failed="0" skipped="0">
  <reporter-output>
  </reporter-output>
  <suite started-at="2025-03-15T14:40:29 IST" name="Default suite" finished-at="2025-03-15T14:40:30 IST" duration-ms="760">
    <groups>
    </groups>
    <test started-at="2025-03-15T14:40:29 IST" name="Default test" finished-at="2025-03-15T14:40:30 IST" duration-ms="760">
      <class name="DataDrivernFrameworkQues.AppendDataInExcel">
        <test-method signature="writeData()[pri:0, instance:DataDrivernFrameworkQues.AppendDataInExcel@18d87d80]" started-at="2025-03-15T14:40:29 IST" name="writeData" finished-at="2025-03-15T14:40:30 IST" duration-ms="729" status="PASS">
          <reporter-output>
          </reporter-output>
        </test-method> <!-- writeData -->
      </class> <!-- DataDrivernFrameworkQues.AppendDataInExcel -->
    </test> <!-- Default test -->
  </suite> <!-- Default suite -->
</testng-results>
